<?xml version="1.0" encoding="UTF-8"?>
<!-- Generated by org.testng.reporters.JUnitReportReporter -->
<testsuite skipped="0" hostname="CIPL-8PC190" name="com.test.SeleniumGridSample" tests="1" failures="0" timestamp="04 Nov 2017 05:47:04 GMT" time="28.471" errors="0">
  <testcase name="TC1" time="28.471" classname="com.test.SeleniumGridSample"/>
</testsuite> <!-- com.test.SeleniumGridSample -->
