<?xml version="1.0" encoding="UTF-8"?>
<!-- Generated by org.testng.reporters.JUnitReportReporter -->
<testsuite skipped="0" hostname="CIPL-8PC190" name="com.test.LoginTest" tests="1" failures="0" timestamp="26 Feb 2018 10:15:36 GMT" time="25.694" errors="0">
  <testcase name="TC1" time="25.694" classname="com.test.LoginTest"/>
</testsuite> <!-- com.test.LoginTest -->
